<?xml version="1.0" encoding="UTF-8"?>
<coverage generated="1634848728769" clover="3.2.0">
  <project timestamp="1634848728769" name="All files">
    <metrics statements="49" coveredstatements="49" conditionals="12" coveredconditionals="12" methods="18" coveredmethods="18" elements="79" coveredelements="79" complexity="0" loc="49" ncloc="49" packages="1" files="5" classes="5"/>
    <file name="App.js" path="/Users/rafaelparigi/Documents/my-projects/javascript/scooterSystem/App.js">
      <metrics statements="15" coveredstatements="15" conditionals="8" coveredconditionals="8" methods="5" coveredmethods="5"/>
      <line num="4" count="17" type="stmt"/>
      <line num="8" count="12" type="cond" truecount="2" falsecount="0"/>
      <line num="9" count="1" type="stmt"/>
      <line num="11" count="11" type="stmt"/>
      <line num="15" count="4" type="cond" truecount="2" falsecount="0"/>
      <line num="16" count="1" type="stmt"/>
      <line num="17" count="3" type="cond" truecount="2" falsecount="0"/>
      <line num="18" count="1" type="stmt"/>
      <line num="19" count="2" type="cond" truecount="2" falsecount="0"/>
      <line num="20" count="1" type="stmt"/>
      <line num="22" count="1" type="stmt"/>
      <line num="23" count="1" type="stmt"/>
      <line num="28" count="1" type="stmt"/>
      <line num="32" count="3" type="stmt"/>
      <line num="36" count="3" type="stmt"/>
    </file>
    <file name="ChargingStation.js" path="/Users/rafaelparigi/Documents/my-projects/javascript/scooterSystem/ChargingStation.js">
      <metrics statements="8" coveredstatements="8" conditionals="0" coveredconditionals="0" methods="3" coveredmethods="3"/>
      <line num="3" count="2" type="stmt"/>
      <line num="6" count="2" type="stmt"/>
      <line num="8" count="2" type="stmt"/>
      <line num="9" count="2" type="stmt"/>
      <line num="10" count="2" type="stmt"/>
      <line num="11" count="2" type="stmt"/>
      <line num="12" count="2" type="stmt"/>
      <line num="18" count="1" type="stmt"/>
    </file>
    <file name="Scooter.js" path="/Users/rafaelparigi/Documents/my-projects/javascript/scooterSystem/Scooter.js">
      <metrics statements="6" coveredstatements="6" conditionals="0" coveredconditionals="0" methods="3" coveredmethods="3"/>
      <line num="3" count="10" type="stmt"/>
      <line num="4" count="10" type="stmt"/>
      <line num="6" count="10" type="stmt"/>
      <line num="9" count="4" type="stmt"/>
      <line num="14" count="3" type="stmt"/>
      <line num="18" count="4" type="stmt"/>
    </file>
    <file name="Server.js" path="/Users/rafaelparigi/Documents/my-projects/javascript/scooterSystem/Server.js">
      <metrics statements="13" coveredstatements="13" conditionals="4" coveredconditionals="4" methods="4" coveredmethods="4"/>
      <line num="1" count="3" type="stmt"/>
      <line num="11" count="10" type="stmt"/>
      <line num="14" count="9" type="stmt"/>
      <line num="17" count="2" type="stmt"/>
      <line num="18" count="2" type="stmt"/>
      <line num="19" count="2" type="stmt"/>
      <line num="22" count="6" type="cond" truecount="2" falsecount="0"/>
      <line num="23" count="1" type="stmt"/>
      <line num="24" count="5" type="cond" truecount="2" falsecount="0"/>
      <line num="25" count="2" type="stmt"/>
      <line num="27" count="3" type="stmt"/>
      <line num="28" count="3" type="stmt"/>
      <line num="33" count="3" type="stmt"/>
    </file>
    <file name="User.js" path="/Users/rafaelparigi/Documents/my-projects/javascript/scooterSystem/User.js">
      <metrics statements="7" coveredstatements="7" conditionals="0" coveredconditionals="0" methods="3" coveredmethods="3"/>
      <line num="3" count="14" type="stmt"/>
      <line num="4" count="14" type="stmt"/>
      <line num="5" count="14" type="stmt"/>
      <line num="6" count="14" type="stmt"/>
      <line num="10" count="8" type="stmt"/>
      <line num="14" count="6" type="stmt"/>
      <line num="18" count="3" type="stmt"/>
    </file>
  </project>
</coverage>
