{"/Users/rafaelparigi/Documents/my-projects/javascript/scooterSystem/App.js": {"path":"/Users/rafaelparigi/Documents/my-projects/javascript/scooterSystem/App.js","statementMap":{"0":{"start":{"line":1,"column":19},"end":{"line":1,"column":38}},"1":{"start":{"line":6,"column":8},"end":{"line":6,"column":28}},"2":{"start":{"line":10,"column":8},"end":{"line":13,"column":32}},"3":{"start":{"line":11,"column":12},"end":{"line":11,"column":52}},"4":{"start":{"line":13,"column":12},"end":{"line":13,"column":32}},"5":{"start":{"line":17,"column":8},"end":{"line":18,"column":54}},"6":{"start":{"line":18,"column":12},"end":{"line":18,"column":54}},"7":{"start":{"line":19,"column":8},"end":{"line":26,"column":9}},"8":{"start":{"line":20,"column":12},"end":{"line":20,"column":56}},"9":{"start":{"line":21,"column":13},"end":{"line":26,"column":9}},"10":{"start":{"line":22,"column":12},"end":{"line":22,"column":49}},"11":{"start":{"line":24,"column":12},"end":{"line":24,"column":69}},"12":{"start":{"line":25,"column":12},"end":{"line":25,"column":42}},"13":{"start":{"line":30,"column":8},"end":{"line":30,"column":44}},"14":{"start":{"line":34,"column":8},"end":{"line":34,"column":43}},"15":{"start":{"line":38,"column":0},"end":{"line":38,"column":25}}},"fnMap":{"0":{"name":"(anonymous_0)","decl":{"start":{"line":4,"column":4},"end":{"line":4,"column":5}},"loc":{"start":{"line":4,"column":18},"end":{"line":7,"column":5}},"line":4},"1":{"name":"(anonymous_1)","decl":{"start":{"line":8,"column":4},"end":{"line":8,"column":5}},"loc":{"start":{"line":8,"column":23},"end":{"line":14,"column":5}},"line":8},"2":{"name":"(anonymous_2)","decl":{"start":{"line":15,"column":4},"end":{"line":15,"column":5}},"loc":{"start":{"line":15,"column":25},"end":{"line":27,"column":5}},"line":15},"3":{"name":"(anonymous_3)","decl":{"start":{"line":29,"column":4},"end":{"line":29,"column":5}},"loc":{"start":{"line":29,"column":33},"end":{"line":31,"column":5}},"line":29},"4":{"name":"(anonymous_4)","decl":{"start":{"line":33,"column":4},"end":{"line":33,"column":5}},"loc":{"start":{"line":33,"column":18},"end":{"line":35,"column":5}},"line":33}},"branchMap":{"0":{"loc":{"start":{"line":10,"column":8},"end":{"line":13,"column":32}},"type":"if","locations":[{"start":{"line":10,"column":8},"end":{"line":13,"column":32}},{"start":{"line":13,"column":12},"end":{"line":13,"column":32}}],"line":10},"1":{"loc":{"start":{"line":17,"column":8},"end":{"line":18,"column":54}},"type":"if","locations":[{"start":{"line":17,"column":8},"end":{"line":18,"column":54}},{"start":{},"end":{}}],"line":17},"2":{"loc":{"start":{"line":19,"column":8},"end":{"line":26,"column":9}},"type":"if","locations":[{"start":{"line":19,"column":8},"end":{"line":26,"column":9}},{"start":{"line":21,"column":13},"end":{"line":26,"column":9}}],"line":19},"3":{"loc":{"start":{"line":21,"column":13},"end":{"line":26,"column":9}},"type":"if","locations":[{"start":{"line":21,"column":13},"end":{"line":26,"column":9}},{"start":{"line":23,"column":13},"end":{"line":26,"column":9}}],"line":21}},"s":{"0":3,"1":17,"2":13,"3":1,"4":12,"5":4,"6":1,"7":3,"8":1,"9":2,"10":1,"11":1,"12":1,"13":1,"14":2,"15":3},"f":{"0":17,"1":13,"2":4,"3":1,"4":2},"b":{"0":[1,12],"1":[1,3],"2":[1,2],"3":[1,1]},"_coverageSchema":"1a1c01bbd47fc00a2c39e90264f33305004495a9","hash":"286848f4a72f66d1f95b5089dcbab7dd7eec3028"}
,"/Users/rafaelparigi/Documents/my-projects/javascript/scooterSystem/ChargingStation.js": {"path":"/Users/rafaelparigi/Documents/my-projects/javascript/scooterSystem/ChargingStation.js","statementMap":{"0":{"start":{"line":3,"column":32},"end":{"line":3,"column":41}},"1":{"start":{"line":6,"column":8},"end":{"line":6,"column":39}},"2":{"start":{"line":8,"column":8},"end":{"line":14,"column":11}},"3":{"start":{"line":9,"column":12},"end":{"line":13,"column":73}},"4":{"start":{"line":10,"column":16},"end":{"line":10,"column":42}},"5":{"start":{"line":11,"column":16},"end":{"line":11,"column":45}},"6":{"start":{"line":12,"column":16},"end":{"line":12,"column":26}},"7":{"start":{"line":18,"column":0},"end":{"line":18,"column":37}}},"fnMap":{"0":{"name":"(anonymous_0)","decl":{"start":{"line":5,"column":4},"end":{"line":5,"column":5}},"loc":{"start":{"line":5,"column":33},"end":{"line":15,"column":5}},"line":5},"1":{"name":"(anonymous_1)","decl":{"start":{"line":8,"column":26},"end":{"line":8,"column":27}},"loc":{"start":{"line":8,"column":47},"end":{"line":14,"column":9}},"line":8},"2":{"name":"(anonymous_2)","decl":{"start":{"line":9,"column":23},"end":{"line":9,"column":24}},"loc":{"start":{"line":9,"column":29},"end":{"line":13,"column":13}},"line":9}},"branchMap":{},"s":{"0":2,"1":2,"2":2,"3":2,"4":2,"5":2,"6":2,"7":1},"f":{"0":2,"1":2,"2":2},"b":{},"_coverageSchema":"1a1c01bbd47fc00a2c39e90264f33305004495a9","hash":"08f36f8344db485f1652c267005c0abf66b0fb41"}
,"/Users/rafaelparigi/Documents/my-projects/javascript/scooterSystem/Scooter.js": {"path":"/Users/rafaelparigi/Documents/my-projects/javascript/scooterSystem/Scooter.js","statementMap":{"0":{"start":{"line":3,"column":8},"end":{"line":3,"column":39}},"1":{"start":{"line":4,"column":8},"end":{"line":4,"column":33}},"2":{"start":{"line":6,"column":8},"end":{"line":6,"column":31}},"3":{"start":{"line":9,"column":8},"end":{"line":9,"column":46}},"4":{"start":{"line":14,"column":8},"end":{"line":14,"column":42}},"5":{"start":{"line":18,"column":0},"end":{"line":18,"column":29}}},"fnMap":{"0":{"name":"(anonymous_0)","decl":{"start":{"line":2,"column":4},"end":{"line":2,"column":5}},"loc":{"start":{"line":2,"column":39},"end":{"line":7,"column":5}},"line":2},"1":{"name":"(anonymous_1)","decl":{"start":{"line":8,"column":4},"end":{"line":8,"column":5}},"loc":{"start":{"line":8,"column":39},"end":{"line":10,"column":5}},"line":8},"2":{"name":"(anonymous_2)","decl":{"start":{"line":11,"column":4},"end":{"line":11,"column":5}},"loc":{"start":{"line":11,"column":34},"end":{"line":15,"column":5}},"line":11}},"branchMap":{},"s":{"0":10,"1":10,"2":10,"3":4,"4":3,"5":4},"f":{"0":10,"1":4,"2":3},"b":{},"_coverageSchema":"1a1c01bbd47fc00a2c39e90264f33305004495a9","hash":"9dcb57d1d270d04afd7c27777115992a7cde1830"}
,"/Users/rafaelparigi/Documents/my-projects/javascript/scooterSystem/Server.js": {"path":"/Users/rafaelparigi/Documents/my-projects/javascript/scooterSystem/Server.js","statementMap":{"0":{"start":{"line":1,"column":16},"end":{"line":1,"column":32}},"1":{"start":{"line":11,"column":8},"end":{"line":11,"column":25}},"2":{"start":{"line":14,"column":8},"end":{"line":14,"column":55}},"3":{"start":{"line":15,"column":8},"end":{"line":15,"column":32}},"4":{"start":{"line":16,"column":8},"end":{"line":16,"column":36}},"5":{"start":{"line":19,"column":8},"end":{"line":20,"column":51}},"6":{"start":{"line":20,"column":12},"end":{"line":20,"column":51}},"7":{"start":{"line":21,"column":8},"end":{"line":26,"column":9}},"8":{"start":{"line":22,"column":12},"end":{"line":22,"column":52}},"9":{"start":{"line":24,"column":12},"end":{"line":24,"column":42}},"10":{"start":{"line":25,"column":12},"end":{"line":25,"column":78}},"11":{"start":{"line":30,"column":0},"end":{"line":30,"column":28}}},"fnMap":{"0":{"name":"(anonymous_0)","decl":{"start":{"line":10,"column":4},"end":{"line":10,"column":5}},"loc":{"start":{"line":10,"column":35},"end":{"line":12,"column":5}},"line":10},"1":{"name":"(anonymous_1)","decl":{"start":{"line":13,"column":4},"end":{"line":13,"column":5}},"loc":{"start":{"line":13,"column":40},"end":{"line":17,"column":5}},"line":13},"2":{"name":"(anonymous_2)","decl":{"start":{"line":18,"column":4},"end":{"line":18,"column":5}},"loc":{"start":{"line":18,"column":31},"end":{"line":27,"column":5}},"line":18}},"branchMap":{"0":{"loc":{"start":{"line":19,"column":8},"end":{"line":20,"column":51}},"type":"if","locations":[{"start":{"line":19,"column":8},"end":{"line":20,"column":51}},{"start":{},"end":{}}],"line":19},"1":{"loc":{"start":{"line":21,"column":8},"end":{"line":26,"column":9}},"type":"if","locations":[{"start":{"line":21,"column":8},"end":{"line":26,"column":9}},{"start":{"line":23,"column":13},"end":{"line":26,"column":9}}],"line":21}},"s":{"0":3,"1":7,"2":2,"3":2,"4":2,"5":7,"6":1,"7":6,"8":2,"9":4,"10":4,"11":3},"f":{"0":7,"1":2,"2":7},"b":{"0":[1,6],"1":[2,4]},"_coverageSchema":"1a1c01bbd47fc00a2c39e90264f33305004495a9","hash":"448bb1d89cb1ce26dbd3416e1d5f93c9a0122e94"}
,"/Users/rafaelparigi/Documents/my-projects/javascript/scooterSystem/User.js": {"path":"/Users/rafaelparigi/Documents/my-projects/javascript/scooterSystem/User.js","statementMap":{"0":{"start":{"line":1,"column":19},"end":{"line":1,"column":38}},"1":{"start":{"line":5,"column":8},"end":{"line":5,"column":23}},"2":{"start":{"line":6,"column":8},"end":{"line":6,"column":39}},"3":{"start":{"line":7,"column":8},"end":{"line":7,"column":28}},"4":{"start":{"line":8,"column":8},"end":{"line":8,"column":38}},"5":{"start":{"line":12,"column":8},"end":{"line":12,"column":54}},"6":{"start":{"line":16,"column":8},"end":{"line":16,"column":40}},"7":{"start":{"line":20,"column":0},"end":{"line":20,"column":26}}},"fnMap":{"0":{"name":"(anonymous_0)","decl":{"start":{"line":4,"column":4},"end":{"line":4,"column":5}},"loc":{"start":{"line":4,"column":34},"end":{"line":9,"column":5}},"line":4},"1":{"name":"(anonymous_1)","decl":{"start":{"line":10,"column":4},"end":{"line":10,"column":5}},"loc":{"start":{"line":10,"column":18},"end":{"line":13,"column":5}},"line":10},"2":{"name":"(anonymous_2)","decl":{"start":{"line":14,"column":4},"end":{"line":14,"column":5}},"loc":{"start":{"line":14,"column":27},"end":{"line":17,"column":5}},"line":14}},"branchMap":{},"s":{"0":3,"1":14,"2":14,"3":14,"4":14,"5":6,"6":7,"7":3},"f":{"0":14,"1":6,"2":7},"b":{},"_coverageSchema":"1a1c01bbd47fc00a2c39e90264f33305004495a9","hash":"d2fdabc1b8c691784b1dc288bcfa8f9b40acb4b7"}
}
