TN:
SF:App.js
FN:2,(anonymous_0)
FN:6,(anonymous_1)
FN:13,(anonymous_2)
FN:27,(anonymous_3)
FN:31,(anonymous_4)
FNF:5
FNH:5
FNDA:17,(anonymous_0)
FNDA:12,(anonymous_1)
FNDA:4,(anonymous_2)
FNDA:1,(anonymous_3)
FNDA:3,(anonymous_4)
DA:4,17
DA:8,12
DA:9,1
DA:11,11
DA:15,4
DA:16,1
DA:17,3
DA:18,1
DA:19,2
DA:20,1
DA:22,1
DA:23,1
DA:28,1
DA:32,3
DA:36,3
LF:15
LH:15
BRDA:8,0,0,1
BRDA:8,0,1,11
BRDA:15,1,0,1
BRDA:15,1,1,3
BRDA:17,2,0,1
BRDA:17,2,1,2
BRDA:19,3,0,1
BRDA:19,3,1,1
BRF:8
BRH:8
end_of_record
TN:
SF:ChargingStation.js
FN:5,(anonymous_0)
FN:8,(anonymous_1)
FN:9,(anonymous_2)
FNF:3
FNH:3
FNDA:2,(anonymous_0)
FNDA:2,(anonymous_1)
FNDA:2,(anonymous_2)
DA:3,2
DA:6,2
DA:8,2
DA:9,2
DA:10,2
DA:11,2
DA:12,2
DA:18,1
LF:8
LH:8
BRF:0
BRH:0
end_of_record
TN:
SF:Scooter.js
FN:2,(anonymous_0)
FN:8,(anonymous_1)
FN:11,(anonymous_2)
FNF:3
FNH:3
FNDA:10,(anonymous_0)
FNDA:4,(anonymous_1)
FNDA:3,(anonymous_2)
DA:3,10
DA:4,10
DA:6,10
DA:9,4
DA:14,3
DA:18,4
LF:6
LH:6
BRF:0
BRH:0
end_of_record
TN:
SF:Server.js
FN:10,(anonymous_0)
FN:13,(anonymous_1)
FN:16,(anonymous_2)
FN:21,(anonymous_3)
FNF:4
FNH:4
FNDA:10,(anonymous_0)
FNDA:9,(anonymous_1)
FNDA:2,(anonymous_2)
FNDA:6,(anonymous_3)
DA:1,3
DA:11,10
DA:14,9
DA:17,2
DA:18,2
DA:19,2
DA:22,6
DA:23,1
DA:24,5
DA:25,2
DA:27,3
DA:28,3
DA:33,3
LF:13
LH:13
BRDA:22,0,0,1
BRDA:22,0,1,5
BRDA:24,1,0,2
BRDA:24,1,1,3
BRF:4
BRH:4
end_of_record
TN:
SF:User.js
FN:2,(anonymous_0)
FN:8,(anonymous_1)
FN:12,(anonymous_2)
FNF:3
FNH:3
FNDA:14,(anonymous_0)
FNDA:8,(anonymous_1)
FNDA:6,(anonymous_2)
DA:3,14
DA:4,14
DA:5,14
DA:6,14
DA:10,8
DA:14,6
DA:18,3
LF:7
LH:7
BRF:0
BRH:0
end_of_record
