TN:
SF:App.js
FN:4,(anonymous_0)
FN:8,(anonymous_1)
FN:15,(anonymous_2)
FN:29,(anonymous_3)
FN:33,(anonymous_4)
FNF:5
FNH:5
FNDA:17,(anonymous_0)
FNDA:13,(anonymous_1)
FNDA:4,(anonymous_2)
FNDA:1,(anonymous_3)
FNDA:2,(anonymous_4)
DA:1,3
DA:6,17
DA:10,13
DA:11,1
DA:13,12
DA:17,4
DA:18,1
DA:19,3
DA:20,1
DA:21,2
DA:22,1
DA:24,1
DA:25,1
DA:30,1
DA:34,2
DA:38,3
LF:16
LH:16
BRDA:10,0,0,1
BRDA:10,0,1,12
BRDA:17,1,0,1
BRDA:17,1,1,3
BRDA:19,2,0,1
BRDA:19,2,1,2
BRDA:21,3,0,1
BRDA:21,3,1,1
BRF:8
BRH:8
end_of_record
TN:
SF:ChargingStation.js
FN:5,(anonymous_0)
FN:8,(anonymous_1)
FN:9,(anonymous_2)
FNF:3
FNH:3
FNDA:2,(anonymous_0)
FNDA:2,(anonymous_1)
FNDA:2,(anonymous_2)
DA:3,2
DA:6,2
DA:8,2
DA:9,2
DA:10,2
DA:11,2
DA:12,2
DA:18,1
LF:8
LH:8
BRF:0
BRH:0
end_of_record
TN:
SF:Scooter.js
FN:2,(anonymous_0)
FN:8,(anonymous_1)
FN:11,(anonymous_2)
FNF:3
FNH:3
FNDA:10,(anonymous_0)
FNDA:4,(anonymous_1)
FNDA:3,(anonymous_2)
DA:3,10
DA:4,10
DA:6,10
DA:9,4
DA:14,3
DA:18,4
LF:6
LH:6
BRF:0
BRH:0
end_of_record
TN:
SF:Server.js
FN:10,(anonymous_0)
FN:13,(anonymous_1)
FN:18,(anonymous_2)
FNF:3
FNH:3
FNDA:7,(anonymous_0)
FNDA:2,(anonymous_1)
FNDA:7,(anonymous_2)
DA:1,3
DA:11,7
DA:14,2
DA:15,2
DA:16,2
DA:19,7
DA:20,1
DA:21,6
DA:22,2
DA:24,4
DA:25,4
DA:30,3
LF:12
LH:12
BRDA:19,0,0,1
BRDA:19,0,1,6
BRDA:21,1,0,2
BRDA:21,1,1,4
BRF:4
BRH:4
end_of_record
TN:
SF:User.js
FN:4,(anonymous_0)
FN:10,(anonymous_1)
FN:14,(anonymous_2)
FNF:3
FNH:3
FNDA:14,(anonymous_0)
FNDA:6,(anonymous_1)
FNDA:7,(anonymous_2)
DA:1,3
DA:5,14
DA:6,14
DA:7,14
DA:8,14
DA:12,6
DA:16,7
DA:20,3
LF:8
LH:8
BRF:0
BRH:0
end_of_record
